<?xml version="1.0" encoding="UTF-8"?>
<!-- Generated by org.testng.reporters.JUnitReportReporter -->
<testsuite hostname="Xenon" failures="0" tests="1" name="TestNG.Practice_TestSuite_1" time="0.029" errors="0" timestamp="2024-03-08T10:13:29 IST" skipped="0">
  <testcase classname="TestNG.Practice_TestSuite_1" name="testscript_01" time="0.029"/>
</testsuite> <!-- TestNG.Practice_TestSuite_1 -->
