<?xml version="1.0" encoding="UTF-8"?>
<!-- Generated by org.testng.reporters.JUnitReportReporter -->
<testsuite hostname="Xenon" failures="0" tests="1" name="tester04.TesterClass2" time="0.001" errors="0" timestamp="2024-03-07T16:48:34 IST" skipped="0">
  <testcase classname="tester04.TesterClass2" name="testcase" time="0.001"/>
</testsuite> <!-- tester04.TesterClass2 -->
