<?xml version="1.0" encoding="UTF-8"?>
<!-- Generated by org.testng.reporters.JUnitReportReporter -->
<testsuite hostname="Xenon" failures="0" tests="1" name="tester04.Testrclass3" time="0.002" errors="0" timestamp="2024-03-07T18:06:20 IST" skipped="0">
  <testcase classname="tester04.Testrclass3" name="testcase34" time="0.002"/>
</testsuite> <!-- tester04.Testrclass3 -->
