<?xml version="1.0" encoding="UTF-8"?>
<!-- Generated by org.testng.reporters.JUnitReportReporter -->
<testsuite hostname="Xenon" failures="0" tests="1" name="newpack.Tempclass" time="0.028" errors="0" timestamp="2024-03-07T18:03:18 IST" skipped="0">
  <testcase classname="newpack.Tempclass" name="testcase54" time="0.028"/>
</testsuite> <!-- newpack.Tempclass -->
