<?xml version="1.0" encoding="UTF-8"?>
<!-- Generated by org.testng.reporters.JUnitReportReporter -->
<testsuite hostname="Xenon" failures="0" tests="1" name="tester04.Testrclass3" time="0.001" errors="0" timestamp="2024-03-08T10:16:13 IST" skipped="0">
  <testcase classname="tester04.Testrclass3" name="testcase34" time="0.001"/>
</testsuite> <!-- tester04.Testrclass3 -->
