<?xml version="1.0" encoding="UTF-8"?>
<!-- Generated by org.testng.reporters.JUnitReportReporter -->
<testsuite hostname="Xenon" failures="0" tests="1" name="tester03.TesterClass" time="0.005" errors="0" timestamp="2024-03-07T15:44:17 IST" skipped="0">
  <testcase classname="tester03.TesterClass" name="thirdMethod" time="0.005"/>
</testsuite> <!-- tester03.TesterClass -->
