<?xml version="1.0" encoding="UTF-8"?>
<!-- Generated by org.testng.reporters.JUnitReportReporter -->
<testsuite hostname="Xenon" failures="0" tests="1" name="tester04.Testrclass3" time="0.000" errors="0" timestamp="2024-03-07T16:53:34 IST" skipped="0">
  <testcase classname="tester04.Testrclass3" name="testcase34" time="0.000"/>
</testsuite> <!-- tester04.Testrclass3 -->
