<?xml version="1.0" encoding="UTF-8"?>
<!-- Generated by org.testng.reporters.JUnitReportReporter -->
<testsuite hostname="Xenon" failures="0" tests="1" name="TestNG.Practice_TestSuite_2" time="0.001" errors="0" timestamp="2024-03-08T10:13:29 IST" skipped="0">
  <testcase classname="TestNG.Practice_TestSuite_2" name="testscript_04" time="0.001"/>
</testsuite> <!-- TestNG.Practice_TestSuite_2 -->
