<?xml version="1.0" encoding="UTF-8"?>
<!-- Generated by org.testng.reporters.JUnitReportReporter -->
<testsuite hostname="Xenon" failures="0" tests="1" name="tester03.TesterClass" time="0.007" errors="0" timestamp="2024-03-08T10:16:13 IST" skipped="0">
  <testcase classname="tester03.TesterClass" name="thirdMethod" time="0.007"/>
</testsuite> <!-- tester03.TesterClass -->
